Started GET "/" for ::1 at 2017-01-22 20:32:54 +0300

PG::ConnectionBad - could not connect to server: Connection refused (0x0000274D/10061)
	Is the server running on host "localhost" (::1) and accepting
	TCP/IP connections on port 5432?
could not connect to server: Connection refused (0x0000274D/10061)
	Is the server running on host "localhost" (127.0.0.1) and accepting
	TCP/IP connections on port 5432?
:
  activerecord (5.0.1) lib/active_record/connection_adapters/postgresql_adapter.rb:671:in `initialize'
  activerecord (5.0.1) lib/active_record/connection_adapters/postgresql_adapter.rb:671:in `new'
  activerecord (5.0.1) lib/active_record/connection_adapters/postgresql_adapter.rb:671:in `connect'
  activerecord (5.0.1) lib/active_record/connection_adapters/postgresql_adapter.rb:217:in `initialize'
  activerecord (5.0.1) lib/active_record/connection_adapters/postgresql_adapter.rb:37:in `new'
  activerecord (5.0.1) lib/active_record/connection_adapters/postgresql_adapter.rb:37:in `postgresql_connection'
  activerecord (5.0.1) lib/active_record/connection_adapters/abstract/connection_pool.rb:729:in `new_connection'
  activerecord (5.0.1) lib/active_record/connection_adapters/abstract/connection_pool.rb:773:in `checkout_new_connection'
  activerecord (5.0.1) lib/active_record/connection_adapters/abstract/connection_pool.rb:752:in `try_to_checkout_new_connection'
  activerecord (5.0.1) lib/active_record/connection_adapters/abstract/connection_pool.rb:713:in `acquire_connection'
  activerecord (5.0.1) lib/active_record/connection_adapters/abstract/connection_pool.rb:490:in `checkout'
  activerecord (5.0.1) lib/active_record/connection_adapters/abstract/connection_pool.rb:364:in `connection'
  activerecord (5.0.1) lib/active_record/connection_adapters/abstract/connection_pool.rb:883:in `retrieve_connection'
  activerecord (5.0.1) lib/active_record/connection_handling.rb:128:in `retrieve_connection'
  activerecord (5.0.1) lib/active_record/connection_handling.rb:91:in `connection'
  activerecord (5.0.1) lib/active_record/migration.rb:559:in `connection'
  activerecord (5.0.1) lib/active_record/migration.rb:546:in `call'
  actionpack (5.0.1) lib/action_dispatch/middleware/callbacks.rb:38:in `block in call'
  activesupport (5.0.1) lib/active_support/callbacks.rb:97:in `__run_callbacks__'
  activesupport (5.0.1) lib/active_support/callbacks.rb:750:in `_run_call_callbacks'
  activesupport (5.0.1) lib/active_support/callbacks.rb:90:in `run_callbacks'
  actionpack (5.0.1) lib/action_dispatch/middleware/callbacks.rb:36:in `call'
  actionpack (5.0.1) lib/action_dispatch/middleware/executor.rb:12:in `call'
  actionpack (5.0.1) lib/action_dispatch/middleware/remote_ip.rb:79:in `call'
  better_errors (2.1.1) lib/better_errors/middleware.rb:84:in `protected_app_call'
  better_errors (2.1.1) lib/better_errors/middleware.rb:79:in `better_errors_call'
  better_errors (2.1.1) lib/better_errors/middleware.rb:57:in `call'
  actionpack (5.0.1) lib/action_dispatch/middleware/debug_exceptions.rb:49:in `call'
  web-console (3.4.0) lib/web_console/middleware.rb:135:in `call_app'
  web-console (3.4.0) lib/web_console/middleware.rb:28:in `block in call'
  web-console (3.4.0) lib/web_console/middleware.rb:18:in `catch'
  web-console (3.4.0) lib/web_console/middleware.rb:18:in `call'
  actionpack (5.0.1) lib/action_dispatch/middleware/show_exceptions.rb:31:in `call'
  railties (5.0.1) lib/rails/rack/logger.rb:36:in `call_app'
  railties (5.0.1) lib/rails/rack/logger.rb:24:in `block in call'
  activesupport (5.0.1) lib/active_support/tagged_logging.rb:69:in `block in tagged'
  activesupport (5.0.1) lib/active_support/tagged_logging.rb:26:in `tagged'
  activesupport (5.0.1) lib/active_support/tagged_logging.rb:69:in `tagged'
  railties (5.0.1) lib/rails/rack/logger.rb:24:in `call'
  sprockets-rails (3.2.0) lib/sprockets/rails/quiet_assets.rb:13:in `call'
  actionpack (5.0.1) lib/action_dispatch/middleware/request_id.rb:24:in `call'
  rack (2.0.1) lib/rack/method_override.rb:22:in `call'
  rack (2.0.1) lib/rack/runtime.rb:22:in `call'
  activesupport (5.0.1) lib/active_support/cache/strategy/local_cache_middleware.rb:28:in `call'
  actionpack (5.0.1) lib/action_dispatch/middleware/executor.rb:12:in `call'
  actionpack (5.0.1) lib/action_dispatch/middleware/static.rb:136:in `call'
  rack (2.0.1) lib/rack/sendfile.rb:111:in `call'
  railties (5.0.1) lib/rails/engine.rb:522:in `call'
  puma (3.6.2) lib/puma/configuration.rb:225:in `call'
  puma (3.6.2) lib/puma/server.rb:578:in `handle_request'
  puma (3.6.2) lib/puma/server.rb:415:in `process_client'
  puma (3.6.2) lib/puma/server.rb:275:in `block in run'
  puma (3.6.2) lib/puma/thread_pool.rb:116:in `block in spawn_thread'

Started POST "/__better_errors/45012e42f4d38d37/variables" for ::1 at 2017-01-22 20:32:56 +0300
Started GET "/" for ::1 at 2017-01-22 20:33:51 +0300

PG::ConnectionBad - could not connect to server: Connection refused (0x0000274D/10061)
	Is the server running on host "localhost" (::1) and accepting
	TCP/IP connections on port 5432?
could not connect to server: Connection refused (0x0000274D/10061)
	Is the server running on host "localhost" (127.0.0.1) and accepting
	TCP/IP connections on port 5432?
:
  activerecord (5.0.1) lib/active_record/connection_adapters/postgresql_adapter.rb:671:in `initialize'
  activerecord (5.0.1) lib/active_record/connection_adapters/postgresql_adapter.rb:671:in `new'
  activerecord (5.0.1) lib/active_record/connection_adapters/postgresql_adapter.rb:671:in `connect'
  activerecord (5.0.1) lib/active_record/connection_adapters/postgresql_adapter.rb:217:in `initialize'
  activerecord (5.0.1) lib/active_record/connection_adapters/postgresql_adapter.rb:37:in `new'
  activerecord (5.0.1) lib/active_record/connection_adapters/postgresql_adapter.rb:37:in `postgresql_connection'
  activerecord (5.0.1) lib/active_record/connection_adapters/abstract/connection_pool.rb:729:in `new_connection'
  activerecord (5.0.1) lib/active_record/connection_adapters/abstract/connection_pool.rb:773:in `checkout_new_connection'
  activerecord (5.0.1) lib/active_record/connection_adapters/abstract/connection_pool.rb:752:in `try_to_checkout_new_connection'
  activerecord (5.0.1) lib/active_record/connection_adapters/abstract/connection_pool.rb:713:in `acquire_connection'
  activerecord (5.0.1) lib/active_record/connection_adapters/abstract/connection_pool.rb:490:in `checkout'
  activerecord (5.0.1) lib/active_record/connection_adapters/abstract/connection_pool.rb:364:in `connection'
  activerecord (5.0.1) lib/active_record/connection_adapters/abstract/connection_pool.rb:883:in `retrieve_connection'
  activerecord (5.0.1) lib/active_record/connection_handling.rb:128:in `retrieve_connection'
  activerecord (5.0.1) lib/active_record/connection_handling.rb:91:in `connection'
  activerecord (5.0.1) lib/active_record/migration.rb:559:in `connection'
  activerecord (5.0.1) lib/active_record/migration.rb:546:in `call'
  actionpack (5.0.1) lib/action_dispatch/middleware/callbacks.rb:38:in `block in call'
  activesupport (5.0.1) lib/active_support/callbacks.rb:97:in `__run_callbacks__'
  activesupport (5.0.1) lib/active_support/callbacks.rb:750:in `_run_call_callbacks'
  activesupport (5.0.1) lib/active_support/callbacks.rb:90:in `run_callbacks'
  actionpack (5.0.1) lib/action_dispatch/middleware/callbacks.rb:36:in `call'
  actionpack (5.0.1) lib/action_dispatch/middleware/executor.rb:12:in `call'
  actionpack (5.0.1) lib/action_dispatch/middleware/remote_ip.rb:79:in `call'
  better_errors (2.1.1) lib/better_errors/middleware.rb:84:in `protected_app_call'
  better_errors (2.1.1) lib/better_errors/middleware.rb:79:in `better_errors_call'
  better_errors (2.1.1) lib/better_errors/middleware.rb:57:in `call'
  actionpack (5.0.1) lib/action_dispatch/middleware/debug_exceptions.rb:49:in `call'
  web-console (3.4.0) lib/web_console/middleware.rb:135:in `call_app'
  web-console (3.4.0) lib/web_console/middleware.rb:28:in `block in call'
  web-console (3.4.0) lib/web_console/middleware.rb:18:in `catch'
  web-console (3.4.0) lib/web_console/middleware.rb:18:in `call'
  actionpack (5.0.1) lib/action_dispatch/middleware/show_exceptions.rb:31:in `call'
  railties (5.0.1) lib/rails/rack/logger.rb:36:in `call_app'
  railties (5.0.1) lib/rails/rack/logger.rb:24:in `block in call'
  activesupport (5.0.1) lib/active_support/tagged_logging.rb:69:in `block in tagged'
  activesupport (5.0.1) lib/active_support/tagged_logging.rb:26:in `tagged'
  activesupport (5.0.1) lib/active_support/tagged_logging.rb:69:in `tagged'
  railties (5.0.1) lib/rails/rack/logger.rb:24:in `call'
  sprockets-rails (3.2.0) lib/sprockets/rails/quiet_assets.rb:13:in `call'
  actionpack (5.0.1) lib/action_dispatch/middleware/request_id.rb:24:in `call'
  rack (2.0.1) lib/rack/method_override.rb:22:in `call'
  rack (2.0.1) lib/rack/runtime.rb:22:in `call'
  activesupport (5.0.1) lib/active_support/cache/strategy/local_cache_middleware.rb:28:in `call'
  actionpack (5.0.1) lib/action_dispatch/middleware/executor.rb:12:in `call'
  actionpack (5.0.1) lib/action_dispatch/middleware/static.rb:136:in `call'
  rack (2.0.1) lib/rack/sendfile.rb:111:in `call'
  railties (5.0.1) lib/rails/engine.rb:522:in `call'
  puma (3.6.2) lib/puma/configuration.rb:225:in `call'
  puma (3.6.2) lib/puma/server.rb:578:in `handle_request'
  puma (3.6.2) lib/puma/server.rb:415:in `process_client'
  puma (3.6.2) lib/puma/server.rb:275:in `block in run'
  puma (3.6.2) lib/puma/thread_pool.rb:116:in `block in spawn_thread'

Started POST "/__better_errors/95016fd14db20637/variables" for ::1 at 2017-01-22 20:33:53 +0300
Started GET "/" for 127.0.0.1 at 2017-01-25 21:50:06 +0300
Processing by HomeController#index as HTML
  Rendering home/index.html.erb within layouts/application
  Rendered home/index.html.erb within layouts/application (1.2ms)
Completed 200 OK in 1936ms (Views: 1905.5ms | ActiveRecord: 0.0ms)


Started GET "/" for 127.0.0.1 at 2017-01-25 22:00:22 +0300
Processing by HomeController#index as HTML
  Rendering home/index.html.erb within layouts/application
  Rendered home/index.html.erb within layouts/application (0.6ms)
Completed 200 OK in 93ms (Views: 91.9ms | ActiveRecord: 0.0ms)


Started GET "/" for 127.0.0.1 at 2017-01-25 22:00:25 +0300
Processing by HomeController#index as HTML
  Rendering home/index.html.erb within layouts/application
  Rendered home/index.html.erb within layouts/application (0.9ms)
Completed 200 OK in 80ms (Views: 75.7ms | ActiveRecord: 0.0ms)


Started GET "/" for 127.0.0.1 at 2017-01-25 22:01:01 +0300
Processing by HomeController#index as HTML
  Rendering home/index.html.erb within layouts/application
  Rendered home/index.html.erb within layouts/application (0.4ms)
Completed 200 OK in 48ms (Views: 45.2ms | ActiveRecord: 0.0ms)


Started GET "/" for 127.0.0.1 at 2017-01-25 22:01:05 +0300
Processing by HomeController#index as HTML
  Rendering home/index.html.erb within layouts/application
  Rendered home/index.html.erb within layouts/application (0.3ms)
Completed 200 OK in 45ms (Views: 44.0ms | ActiveRecord: 0.0ms)


Started GET "/" for 127.0.0.1 at 2017-01-25 22:09:01 +0300
Processing by HomeController#index as HTML
  Rendering home/index.html.erb within layouts/application
  Rendered home/index.html.erb within layouts/application (6.9ms)
Completed 200 OK in 8182ms (Views: 8144.5ms | ActiveRecord: 0.0ms)


Started GET "/" for 127.0.0.1 at 2017-01-25 22:09:18 +0300
Processing by HomeController#index as HTML
  Rendering home/index.html.erb within layouts/application
  Rendered home/index.html.erb within layouts/application (0.4ms)
Completed 200 OK in 54ms (Views: 52.4ms | ActiveRecord: 0.0ms)


Started GET "/" for 127.0.0.1 at 2017-01-25 22:09:35 +0300
Processing by HomeController#index as HTML
  Rendering home/index.html.erb within layouts/application
  Rendered home/index.html.erb within layouts/application (1.1ms)
Completed 200 OK in 157ms (Views: 154.0ms | ActiveRecord: 0.0ms)


Started GET "/" for 127.0.0.1 at 2017-01-25 22:11:28 +0300
Processing by HomeController#index as HTML
  Rendering home/index.html.erb within layouts/application
  Rendered home/index.html.erb within layouts/application (0.4ms)
Completed 200 OK in 43ms (Views: 41.5ms | ActiveRecord: 0.0ms)


Started GET "/" for 127.0.0.1 at 2017-01-25 22:11:35 +0300
Processing by HomeController#index as HTML
  Rendering home/index.html.erb within layouts/application
  Rendered home/index.html.erb within layouts/application (0.4ms)
Completed 200 OK in 56ms (Views: 55.2ms | ActiveRecord: 0.0ms)


Started GET "/" for 127.0.0.1 at 2017-01-25 22:11:41 +0300
Processing by HomeController#index as HTML
  Rendering home/index.html.erb within layouts/application
  Rendered home/index.html.erb within layouts/application (0.4ms)
Completed 200 OK in 45ms (Views: 44.0ms | ActiveRecord: 0.0ms)


Started GET "/" for 127.0.0.1 at 2017-01-25 22:11:43 +0300
Processing by HomeController#index as HTML
  Rendering home/index.html.erb within layouts/application
  Rendered home/index.html.erb within layouts/application (0.4ms)
Completed 200 OK in 41ms (Views: 39.5ms | ActiveRecord: 0.0ms)


Started GET "/" for 127.0.0.1 at 2017-01-25 22:11:44 +0300
Processing by HomeController#index as HTML
  Rendering home/index.html.erb within layouts/application
  Rendered home/index.html.erb within layouts/application (0.5ms)
Completed 200 OK in 40ms (Views: 39.0ms | ActiveRecord: 0.0ms)


Started GET "/" for 127.0.0.1 at 2017-01-25 22:11:45 +0300
Processing by HomeController#index as HTML
  Rendering home/index.html.erb within layouts/application
  Rendered home/index.html.erb within layouts/application (0.4ms)
Completed 200 OK in 39ms (Views: 38.4ms | ActiveRecord: 0.0ms)


Started GET "/" for 127.0.0.1 at 2017-01-25 22:11:45 +0300
Processing by HomeController#index as HTML
  Rendering home/index.html.erb within layouts/application
  Rendered home/index.html.erb within layouts/application (0.4ms)
Completed 200 OK in 39ms (Views: 37.7ms | ActiveRecord: 0.0ms)


Started GET "/" for 127.0.0.1 at 2017-01-25 22:12:35 +0300
Processing by HomeController#index as HTML
  Rendering home/index.html.erb within layouts/application
  Rendered home/index.html.erb within layouts/application (0.3ms)
Completed 200 OK in 38ms (Views: 37.0ms | ActiveRecord: 0.0ms)


Started GET "/" for 127.0.0.1 at 2017-01-25 22:12:37 +0300
Processing by HomeController#index as HTML
  Rendering home/index.html.erb within layouts/application
  Rendered home/index.html.erb within layouts/application (0.4ms)
Completed 200 OK in 39ms (Views: 37.9ms | ActiveRecord: 0.0ms)


Started GET "/" for 127.0.0.1 at 2017-01-25 22:12:39 +0300
Processing by HomeController#index as HTML
  Rendering home/index.html.erb within layouts/application
  Rendered home/index.html.erb within layouts/application (0.4ms)
Completed 200 OK in 41ms (Views: 39.9ms | ActiveRecord: 0.0ms)


Started GET "/" for 127.0.0.1 at 2017-01-25 22:14:17 +0300
Processing by HomeController#index as HTML
  Rendering home/index.html.erb within layouts/application
  Rendered home/index.html.erb within layouts/application (1.2ms)
Completed 200 OK in 721ms (Views: 702.1ms | ActiveRecord: 0.0ms)


Started GET "/" for 127.0.0.1 at 2017-01-25 22:14:20 +0300
Processing by HomeController#index as HTML
  Rendering home/index.html.erb within layouts/application
  Rendered home/index.html.erb within layouts/application (0.4ms)
Completed 200 OK in 130ms (Views: 50.7ms | ActiveRecord: 0.0ms)


Started GET "/" for 127.0.0.1 at 2017-01-25 22:15:56 +0300
Processing by HomeController#index as HTML
  Rendering home/index.html.erb within layouts/application
  Rendered home/index.html.erb within layouts/application (0.5ms)
Completed 500 Internal Server Error in 374ms (ActiveRecord: 0.0ms)


DEPRECATION WARNING: #original_exception is deprecated. Use #cause instead. (called from initialize at /home/nikolay/.rbenv/versions/2.3.1/lib/ruby/gems/2.3.0/gems/better_errors-2.1.1/lib/better_errors/raised_exception.rb:7)
DEPRECATION WARNING: #original_exception is deprecated. Use #cause instead. (called from initialize at /home/nikolay/.rbenv/versions/2.3.1/lib/ruby/gems/2.3.0/gems/better_errors-2.1.1/lib/better_errors/raised_exception.rb:8)

NoMethodError - undefined method `user_signed_in?' for #<#<Class:0x005637d8d8c370>:0x005637d904d118>:
  app/views/layouts/application.html.erb:29:in `_app_views_layouts_application_html_erb__472474159890395881_47398931434760'
  actionview (5.0.1) lib/action_view/template.rb:159:in `block in render'
  activesupport (5.0.1) lib/active_support/notifications.rb:166:in `instrument'
  actionview (5.0.1) lib/action_view/template.rb:354:in `instrument'
  actionview (5.0.1) lib/action_view/template.rb:157:in `render'
  actionview (5.0.1) lib/action_view/renderer/template_renderer.rb:66:in `render_with_layout'
  actionview (5.0.1) lib/action_view/renderer/template_renderer.rb:52:in `render_template'
  actionview (5.0.1) lib/action_view/renderer/template_renderer.rb:14:in `render'
  actionview (5.0.1) lib/action_view/renderer/renderer.rb:42:in `render_template'
  actionview (5.0.1) lib/action_view/renderer/renderer.rb:23:in `render'
  actionview (5.0.1) lib/action_view/rendering.rb:103:in `_render_template'
  actionpack (5.0.1) lib/action_controller/metal/streaming.rb:217:in `_render_template'
  actionview (5.0.1) lib/action_view/rendering.rb:83:in `render_to_body'
  actionpack (5.0.1) lib/action_controller/metal/rendering.rb:52:in `render_to_body'
  actionpack (5.0.1) lib/action_controller/metal/renderers.rb:142:in `render_to_body'
  actionpack (5.0.1) lib/abstract_controller/rendering.rb:26:in `render'
  actionpack (5.0.1) lib/action_controller/metal/rendering.rb:36:in `render'
  actionpack (5.0.1) lib/action_controller/metal/instrumentation.rb:44:in `block (2 levels) in render'
  activesupport (5.0.1) lib/active_support/core_ext/benchmark.rb:12:in `block in ms'
  /home/nikolay/.rbenv/versions/2.3.1/lib/ruby/2.3.0/benchmark.rb:308:in `realtime'
  activesupport (5.0.1) lib/active_support/core_ext/benchmark.rb:12:in `ms'
  actionpack (5.0.1) lib/action_controller/metal/instrumentation.rb:44:in `block in render'
  actionpack (5.0.1) lib/action_controller/metal/instrumentation.rb:87:in `cleanup_view_runtime'
  activerecord (5.0.1) lib/active_record/railties/controller_runtime.rb:25:in `cleanup_view_runtime'
  actionpack (5.0.1) lib/action_controller/metal/instrumentation.rb:43:in `render'
  actionpack (5.0.1) lib/action_controller/metal/implicit_render.rb:36:in `default_render'
  actionpack (5.0.1) lib/action_controller/metal/basic_implicit_render.rb:4:in `block in send_action'
  actionpack (5.0.1) lib/action_controller/metal/basic_implicit_render.rb:4:in `tap'
  actionpack (5.0.1) lib/action_controller/metal/basic_implicit_render.rb:4:in `send_action'
  actionpack (5.0.1) lib/abstract_controller/base.rb:188:in `process_action'
  actionpack (5.0.1) lib/action_controller/metal/rendering.rb:30:in `process_action'
  actionpack (5.0.1) lib/abstract_controller/callbacks.rb:20:in `block in process_action'
  activesupport (5.0.1) lib/active_support/callbacks.rb:126:in `call'
  activesupport (5.0.1) lib/active_support/callbacks.rb:506:in `block (2 levels) in compile'
  activesupport (5.0.1) lib/active_support/callbacks.rb:455:in `call'
  activesupport (5.0.1) lib/active_support/callbacks.rb:101:in `__run_callbacks__'
  activesupport (5.0.1) lib/active_support/callbacks.rb:750:in `_run_process_action_callbacks'
  activesupport (5.0.1) lib/active_support/callbacks.rb:90:in `run_callbacks'
  actionpack (5.0.1) lib/abstract_controller/callbacks.rb:19:in `process_action'
  actionpack (5.0.1) lib/action_controller/metal/rescue.rb:20:in `process_action'
  actionpack (5.0.1) lib/action_controller/metal/instrumentation.rb:32:in `block in process_action'
  activesupport (5.0.1) lib/active_support/notifications.rb:164:in `block in instrument'
  activesupport (5.0.1) lib/active_support/notifications/instrumenter.rb:21:in `instrument'
  activesupport (5.0.1) lib/active_support/notifications.rb:164:in `instrument'
  actionpack (5.0.1) lib/action_controller/metal/instrumentation.rb:30:in `process_action'
  actionpack (5.0.1) lib/action_controller/metal/params_wrapper.rb:248:in `process_action'
  activerecord (5.0.1) lib/active_record/railties/controller_runtime.rb:18:in `process_action'
  actionpack (5.0.1) lib/abstract_controller/base.rb:126:in `process'
  actionview (5.0.1) lib/action_view/rendering.rb:30:in `process'
  actionpack (5.0.1) lib/action_controller/metal.rb:190:in `dispatch'
  actionpack (5.0.1) lib/action_controller/metal.rb:262:in `dispatch'
  actionpack (5.0.1) lib/action_dispatch/routing/route_set.rb:50:in `dispatch'
  actionpack (5.0.1) lib/action_dispatch/routing/route_set.rb:32:in `serve'
  actionpack (5.0.1) lib/action_dispatch/journey/router.rb:39:in `block in serve'
  actionpack (5.0.1) lib/action_dispatch/journey/router.rb:26:in `each'
  actionpack (5.0.1) lib/action_dispatch/journey/router.rb:26:in `serve'
  actionpack (5.0.1) lib/action_dispatch/routing/route_set.rb:725:in `call'
  rack (2.0.1) lib/rack/etag.rb:25:in `call'
  rack (2.0.1) lib/rack/conditional_get.rb:25:in `call'
  rack (2.0.1) lib/rack/head.rb:12:in `call'
  rack (2.0.1) lib/rack/session/abstract/id.rb:222:in `context'
  rack (2.0.1) lib/rack/session/abstract/id.rb:216:in `call'
  actionpack (5.0.1) lib/action_dispatch/middleware/cookies.rb:613:in `call'
  activerecord (5.0.1) lib/active_record/migration.rb:553:in `call'
  actionpack (5.0.1) lib/action_dispatch/middleware/callbacks.rb:38:in `block in call'
  activesupport (5.0.1) lib/active_support/callbacks.rb:97:in `__run_callbacks__'
  activesupport (5.0.1) lib/active_support/callbacks.rb:750:in `_run_call_callbacks'
  activesupport (5.0.1) lib/active_support/callbacks.rb:90:in `run_callbacks'
  actionpack (5.0.1) lib/action_dispatch/middleware/callbacks.rb:36:in `call'
  actionpack (5.0.1) lib/action_dispatch/middleware/executor.rb:12:in `call'
  actionpack (5.0.1) lib/action_dispatch/middleware/remote_ip.rb:79:in `call'
  better_errors (2.1.1) lib/better_errors/middleware.rb:84:in `protected_app_call'
  better_errors (2.1.1) lib/better_errors/middleware.rb:79:in `better_errors_call'
  better_errors (2.1.1) lib/better_errors/middleware.rb:57:in `call'
  actionpack (5.0.1) lib/action_dispatch/middleware/debug_exceptions.rb:49:in `call'
  web-console (3.4.0) lib/web_console/middleware.rb:135:in `call_app'
  web-console (3.4.0) lib/web_console/middleware.rb:28:in `block in call'
  web-console (3.4.0) lib/web_console/middleware.rb:18:in `catch'
  web-console (3.4.0) lib/web_console/middleware.rb:18:in `call'
  actionpack (5.0.1) lib/action_dispatch/middleware/show_exceptions.rb:31:in `call'
  railties (5.0.1) lib/rails/rack/logger.rb:36:in `call_app'
  railties (5.0.1) lib/rails/rack/logger.rb:24:in `block in call'
  activesupport (5.0.1) lib/active_support/tagged_logging.rb:69:in `block in tagged'
  activesupport (5.0.1) lib/active_support/tagged_logging.rb:26:in `tagged'
  activesupport (5.0.1) lib/active_support/tagged_logging.rb:69:in `tagged'
  railties (5.0.1) lib/rails/rack/logger.rb:24:in `call'
  sprockets-rails (3.2.0) lib/sprockets/rails/quiet_assets.rb:13:in `call'
  actionpack (5.0.1) lib/action_dispatch/middleware/request_id.rb:24:in `call'
  rack (2.0.1) lib/rack/method_override.rb:22:in `call'
  rack (2.0.1) lib/rack/runtime.rb:22:in `call'
  activesupport (5.0.1) lib/active_support/cache/strategy/local_cache_middleware.rb:28:in `call'
  actionpack (5.0.1) lib/action_dispatch/middleware/executor.rb:12:in `call'
  actionpack (5.0.1) lib/action_dispatch/middleware/static.rb:136:in `call'
  rack (2.0.1) lib/rack/sendfile.rb:111:in `call'
  railties (5.0.1) lib/rails/engine.rb:522:in `call'
  puma (3.6.2) lib/puma/configuration.rb:225:in `call'
  puma (3.6.2) lib/puma/server.rb:578:in `handle_request'
  puma (3.6.2) lib/puma/server.rb:415:in `process_client'
  puma (3.6.2) lib/puma/server.rb:275:in `block in run'
  puma (3.6.2) lib/puma/thread_pool.rb:116:in `block in spawn_thread'

Started POST "/__better_errors/0a39bf0f9f30a543/variables" for 127.0.0.1 at 2017-01-25 22:15:57 +0300
Started GET "/" for 127.0.0.1 at 2017-01-25 22:17:20 +0300
Processing by HomeController#index as HTML
  Rendering home/index.html.erb within layouts/application
  Rendered home/index.html.erb within layouts/application (0.4ms)
Completed 200 OK in 39ms (Views: 37.6ms | ActiveRecord: 0.0ms)


Started GET "/" for 127.0.0.1 at 2017-01-25 22:17:26 +0300
Processing by HomeController#index as HTML
  Rendering home/index.html.erb within layouts/application
  Rendered home/index.html.erb within layouts/application (0.5ms)
Completed 200 OK in 45ms (Views: 43.8ms | ActiveRecord: 0.0ms)


Started GET "/" for 127.0.0.1 at 2017-01-25 22:17:29 +0300
Processing by HomeController#index as HTML
  Rendering home/index.html.erb within layouts/application
  Rendered home/index.html.erb within layouts/application (0.4ms)
Completed 200 OK in 41ms (Views: 40.3ms | ActiveRecord: 0.0ms)


Started GET "/" for 127.0.0.1 at 2017-01-25 22:20:27 +0300
Processing by HomeController#index as HTML
  Rendering home/index.html.erb within layouts/application
  Rendered home/index.html.erb within layouts/application (1.4ms)
Completed 200 OK in 1203ms (Views: 1182.0ms | ActiveRecord: 0.0ms)


Started GET "/" for 127.0.0.1 at 2017-01-25 22:22:02 +0300
Processing by HomeController#index as HTML
  Rendering home/index.html.erb within layouts/application
  Rendered home/index.html.erb within layouts/application (28.4ms)
Completed 200 OK in 135ms (Views: 133.6ms | ActiveRecord: 0.0ms)


Started GET "/" for 127.0.0.1 at 2017-01-25 22:23:27 +0300
Processing by HomeController#index as HTML
  Rendering home/index.html.erb within layouts/application
  Rendered home/index.html.erb within layouts/application (1.3ms)
Completed 200 OK in 708ms (Views: 692.2ms | ActiveRecord: 0.0ms)


Started GET "/" for 127.0.0.1 at 2017-01-25 22:27:37 +0300
Processing by HomeController#index as HTML
  Rendering home/index.html.erb within layouts/application
  Rendered home/index.html.erb within layouts/application (0.4ms)
Completed 200 OK in 49ms (Views: 48.1ms | ActiveRecord: 0.0ms)


Started GET "/" for 127.0.0.1 at 2017-01-25 22:37:30 +0300
Processing by HomeController#index as HTML
  Rendering home/index.html.erb within layouts/application
  Rendered home/index.html.erb within layouts/application (0.3ms)
Completed 200 OK in 331ms (Views: 329.5ms | ActiveRecord: 0.0ms)


Started GET "/" for 127.0.0.1 at 2017-01-25 22:37:34 +0300
Processing by HomeController#index as HTML
  Rendering home/index.html.erb within layouts/application
  Rendered home/index.html.erb within layouts/application (0.7ms)
Completed 200 OK in 86ms (Views: 84.7ms | ActiveRecord: 0.0ms)


Started GET "/" for 127.0.0.1 at 2017-01-25 22:37:54 +0300
Processing by HomeController#index as HTML
  Rendering home/index.html.erb within layouts/application
  Rendered home/index.html.erb within layouts/application (1.3ms)
Completed 200 OK in 948ms (Views: 929.5ms | ActiveRecord: 0.0ms)


Started GET "/" for 127.0.0.1 at 2017-01-25 22:38:43 +0300
Processing by HomeController#index as HTML
  Rendering home/index.html.erb within layouts/application
  Rendered home/index.html.erb within layouts/application (1.4ms)
Completed 200 OK in 1189ms (Views: 1166.1ms | ActiveRecord: 0.0ms)


Started GET "/" for 127.0.0.1 at 2017-01-25 22:39:30 +0300
Processing by HomeController#index as HTML
  Rendering home/index.html.erb within layouts/application
  Rendered home/index.html.erb within layouts/application (0.4ms)
Completed 200 OK in 135ms (Views: 129.5ms | ActiveRecord: 0.0ms)


